<?xml version="1.0" encoding="UTF-8"?>
<!-- Generated by org.testng.reporters.JUnitReportReporter -->
<testsuite hostname="DESKTOP-O9CBM39" failures="0" tests="1" name="MavenTest.Test.AppTest" time="0.007" errors="0" timestamp="2021-07-14T12:12:27 AST" skipped="0">
  <testcase classname="MavenTest.Test.AppTest" name="shouldAnswerWithTrue" time="0.007"/>
  <system-out/>
</testsuite> <!-- MavenTest.Test.AppTest -->
